[debug] [2023-11-29T19:30:02.557Z] ----------------------------------------------------------------------
[debug] [2023-11-29T19:30:02.558Z] Command:       /Users/curtischong/.nvm/versions/node/v20.6.1/bin/node /opt/homebrew/bin/firebase deploy --only functions
[debug] [2023-11-29T19:30:02.559Z] CLI Version:   12.9.1
[debug] [2023-11-29T19:30:02.559Z] Platform:      darwin
[debug] [2023-11-29T19:30:02.559Z] Node Version:  v20.6.1
[debug] [2023-11-29T19:30:02.559Z] Time:          Wed Nov 29 2023 14:30:02 GMT-0500 (Eastern Standard Time)
[debug] [2023-11-29T19:30:02.559Z] ----------------------------------------------------------------------
[debug] 
[debug] [2023-11-29T19:30:02.592Z] > command requires scopes: ["email","openid","https://www.googleapis.com/auth/cloudplatformprojects.readonly","https://www.googleapis.com/auth/firebase","https://www.googleapis.com/auth/cloud-platform"]
[debug] [2023-11-29T19:30:02.593Z] > authorizing via signed-in user (curtischong5@gmail.com)
[debug] [2023-11-29T19:30:02.593Z] [iam] checking project yourwriterfriend-1d691 for permissions ["cloudfunctions.functions.create","cloudfunctions.functions.delete","cloudfunctions.functions.get","cloudfunctions.functions.list","cloudfunctions.functions.update","cloudfunctions.operations.get","firebase.projects.get"]
[debug] [2023-11-29T19:30:02.593Z] >>> [apiv2][query] POST https://cloudresourcemanager.googleapis.com/v1/projects/yourwriterfriend-1d691:testIamPermissions [none]
[debug] [2023-11-29T19:30:02.594Z] >>> [apiv2][(partial)header] POST https://cloudresourcemanager.googleapis.com/v1/projects/yourwriterfriend-1d691:testIamPermissions x-goog-quota-user=projects/yourwriterfriend-1d691
[debug] [2023-11-29T19:30:02.594Z] >>> [apiv2][body] POST https://cloudresourcemanager.googleapis.com/v1/projects/yourwriterfriend-1d691:testIamPermissions {"permissions":["cloudfunctions.functions.create","cloudfunctions.functions.delete","cloudfunctions.functions.get","cloudfunctions.functions.list","cloudfunctions.functions.update","cloudfunctions.operations.get","firebase.projects.get"]}
[debug] [2023-11-29T19:30:02.876Z] <<< [apiv2][status] POST https://cloudresourcemanager.googleapis.com/v1/projects/yourwriterfriend-1d691:testIamPermissions 200
[debug] [2023-11-29T19:30:02.877Z] <<< [apiv2][body] POST https://cloudresourcemanager.googleapis.com/v1/projects/yourwriterfriend-1d691:testIamPermissions {"permissions":["cloudfunctions.functions.create","cloudfunctions.functions.delete","cloudfunctions.functions.get","cloudfunctions.functions.list","cloudfunctions.functions.update","cloudfunctions.operations.get","firebase.projects.get"]}
[debug] [2023-11-29T19:30:02.877Z] >>> [apiv2][query] POST https://iam.googleapis.com/v1/projects/yourwriterfriend-1d691/serviceAccounts/yourwriterfriend-1d691@appspot.gserviceaccount.com:testIamPermissions [none]
[debug] [2023-11-29T19:30:02.877Z] >>> [apiv2][body] POST https://iam.googleapis.com/v1/projects/yourwriterfriend-1d691/serviceAccounts/yourwriterfriend-1d691@appspot.gserviceaccount.com:testIamPermissions {"permissions":["iam.serviceAccounts.actAs"]}
[debug] [2023-11-29T19:30:03.095Z] <<< [apiv2][status] POST https://iam.googleapis.com/v1/projects/yourwriterfriend-1d691/serviceAccounts/yourwriterfriend-1d691@appspot.gserviceaccount.com:testIamPermissions 200
[debug] [2023-11-29T19:30:03.096Z] <<< [apiv2][body] POST https://iam.googleapis.com/v1/projects/yourwriterfriend-1d691/serviceAccounts/yourwriterfriend-1d691@appspot.gserviceaccount.com:testIamPermissions {"permissions":["iam.serviceAccounts.actAs"]}
[info] 
[info] === Deploying to 'yourwriterfriend-1d691'...
[info] 
[info] i  deploying functions 
[info] Running command: npm --prefix "$RESOURCE_DIR" run lint
[info] Running command: npm --prefix "$RESOURCE_DIR" run build
[info] ✔  functions: Finished running predeploy script. 
[debug] [2023-11-29T19:30:05.796Z] >>> [apiv2][query] GET https://firebase.googleapis.com/v1beta1/projects/yourwriterfriend-1d691 [none]
[debug] [2023-11-29T19:30:06.114Z] <<< [apiv2][status] GET https://firebase.googleapis.com/v1beta1/projects/yourwriterfriend-1d691 200
[debug] [2023-11-29T19:30:06.114Z] <<< [apiv2][body] GET https://firebase.googleapis.com/v1beta1/projects/yourwriterfriend-1d691 {"projectId":"yourwriterfriend-1d691","projectNumber":"218748045222","displayName":"yourwriterfriend","name":"projects/yourwriterfriend-1d691","resources":{"hostingSite":"yourwriterfriend-1d691"},"state":"ACTIVE","etag":"1_9583d26d-6138-48a5-8e9c-e4deef2886e0"}
[info] i  functions: preparing codebase default for deployment 
[info] i  functions: ensuring required API cloudfunctions.googleapis.com is enabled... 
[info] i  functions: ensuring required API cloudbuild.googleapis.com is enabled... 
[info] i  artifactregistry: ensuring required API artifactregistry.googleapis.com is enabled... 
[debug] [2023-11-29T19:30:06.116Z] >>> [apiv2][query] GET https://serviceusage.googleapis.com/v1/projects/yourwriterfriend-1d691/services/cloudfunctions.googleapis.com [none]
[debug] [2023-11-29T19:30:06.116Z] >>> [apiv2][(partial)header] GET https://serviceusage.googleapis.com/v1/projects/yourwriterfriend-1d691/services/cloudfunctions.googleapis.com x-goog-quota-user=projects/yourwriterfriend-1d691
[debug] [2023-11-29T19:30:06.118Z] >>> [apiv2][query] GET https://serviceusage.googleapis.com/v1/projects/yourwriterfriend-1d691/services/runtimeconfig.googleapis.com [none]
[debug] [2023-11-29T19:30:06.118Z] >>> [apiv2][(partial)header] GET https://serviceusage.googleapis.com/v1/projects/yourwriterfriend-1d691/services/runtimeconfig.googleapis.com x-goog-quota-user=projects/yourwriterfriend-1d691
[debug] [2023-11-29T19:30:06.118Z] >>> [apiv2][query] GET https://serviceusage.googleapis.com/v1/projects/yourwriterfriend-1d691/services/cloudbuild.googleapis.com [none]
[debug] [2023-11-29T19:30:06.118Z] >>> [apiv2][(partial)header] GET https://serviceusage.googleapis.com/v1/projects/yourwriterfriend-1d691/services/cloudbuild.googleapis.com x-goog-quota-user=projects/yourwriterfriend-1d691
[debug] [2023-11-29T19:30:06.119Z] >>> [apiv2][query] GET https://serviceusage.googleapis.com/v1/projects/yourwriterfriend-1d691/services/artifactregistry.googleapis.com [none]
[debug] [2023-11-29T19:30:06.119Z] >>> [apiv2][(partial)header] GET https://serviceusage.googleapis.com/v1/projects/yourwriterfriend-1d691/services/artifactregistry.googleapis.com x-goog-quota-user=projects/yourwriterfriend-1d691
[debug] [2023-11-29T19:30:06.533Z] <<< [apiv2][status] GET https://serviceusage.googleapis.com/v1/projects/yourwriterfriend-1d691/services/cloudfunctions.googleapis.com 200
[debug] [2023-11-29T19:30:06.533Z] <<< [apiv2][body] GET https://serviceusage.googleapis.com/v1/projects/yourwriterfriend-1d691/services/cloudfunctions.googleapis.com [omitted]
[info] ✔  functions: required API cloudfunctions.googleapis.com is enabled 
[debug] [2023-11-29T19:30:06.535Z] <<< [apiv2][status] GET https://serviceusage.googleapis.com/v1/projects/yourwriterfriend-1d691/services/cloudbuild.googleapis.com 200
[debug] [2023-11-29T19:30:06.535Z] <<< [apiv2][body] GET https://serviceusage.googleapis.com/v1/projects/yourwriterfriend-1d691/services/cloudbuild.googleapis.com [omitted]
[info] ✔  functions: required API cloudbuild.googleapis.com is enabled 
[debug] [2023-11-29T19:30:06.536Z] <<< [apiv2][status] GET https://serviceusage.googleapis.com/v1/projects/yourwriterfriend-1d691/services/artifactregistry.googleapis.com 200
[debug] [2023-11-29T19:30:06.536Z] <<< [apiv2][body] GET https://serviceusage.googleapis.com/v1/projects/yourwriterfriend-1d691/services/artifactregistry.googleapis.com [omitted]
[info] ✔  artifactregistry: required API artifactregistry.googleapis.com is enabled 
[debug] [2023-11-29T19:30:06.537Z] <<< [apiv2][status] GET https://serviceusage.googleapis.com/v1/projects/yourwriterfriend-1d691/services/runtimeconfig.googleapis.com 200
[debug] [2023-11-29T19:30:06.537Z] <<< [apiv2][body] GET https://serviceusage.googleapis.com/v1/projects/yourwriterfriend-1d691/services/runtimeconfig.googleapis.com [omitted]
[debug] [2023-11-29T19:30:06.537Z] >>> [apiv2][query] GET https://firebase.googleapis.com/v1beta1/projects/yourwriterfriend-1d691/adminSdkConfig [none]
[debug] [2023-11-29T19:30:06.914Z] <<< [apiv2][status] GET https://firebase.googleapis.com/v1beta1/projects/yourwriterfriend-1d691/adminSdkConfig 200
[debug] [2023-11-29T19:30:06.914Z] <<< [apiv2][body] GET https://firebase.googleapis.com/v1beta1/projects/yourwriterfriend-1d691/adminSdkConfig {"projectId":"yourwriterfriend-1d691","storageBucket":"yourwriterfriend-1d691.appspot.com"}
[debug] [2023-11-29T19:30:06.915Z] >>> [apiv2][query] GET https://runtimeconfig.googleapis.com/v1beta1/projects/yourwriterfriend-1d691/configs [none]
[debug] [2023-11-29T19:30:07.124Z] <<< [apiv2][status] GET https://runtimeconfig.googleapis.com/v1beta1/projects/yourwriterfriend-1d691/configs 200
[debug] [2023-11-29T19:30:07.125Z] <<< [apiv2][body] GET https://runtimeconfig.googleapis.com/v1beta1/projects/yourwriterfriend-1d691/configs {}
[debug] [2023-11-29T19:30:07.127Z] Validating nodejs source
[debug] [2023-11-29T19:30:07.435Z] > [functions] package.json contents: {
  "name": "functions",
  "scripts": {
    "lint": "",
    "build": "tsc",
    "build:watch": "tsc --watch",
    "serve": "npm run build && firebase emulators:start --only functions",
    "shell": "npm run build && firebase functions:shell",
    "start": "npm run shell",
    "deploy": "firebase deploy --only functions",
    "logs": "firebase functions:log"
  },
  "engines": {
    "node": "18"
  },
  "main": "lib/index.js",
  "dependencies": {
    "firebase-admin": "^11.8.0",
    "firebase-functions": "^4.3.1"
  },
  "devDependencies": {
    "@typescript-eslint/eslint-plugin": "^5.12.0",
    "@typescript-eslint/parser": "^5.12.0",
    "eslint": "^8.9.0",
    "eslint-config-google": "^0.14.0",
    "eslint-plugin-import": "^2.25.4",
    "firebase-functions-test": "^3.1.0",
    "typescript": "^4.9.0"
  },
  "private": true
}
[debug] [2023-11-29T19:30:07.436Z] Building nodejs source
[info] i  functions: Loading and analyzing source code for codebase default to determine what to deploy 
[debug] [2023-11-29T19:30:07.436Z] Could not find functions.yaml. Must use http discovery
[debug] [2023-11-29T19:30:07.440Z] Found firebase-functions binary at '/Users/curtischong/Documents/dev/yourwriterfriend/functions/node_modules/.bin/firebase-functions'
[info] Serving at port 8134

[debug] [2023-11-29T19:30:07.629Z] Got response from /__/functions.yaml {"endpoints":{"updateUserDocuments":{"availableMemoryMb":null,"timeoutSeconds":null,"minInstances":null,"maxInstances":null,"ingressSettings":null,"concurrency":null,"serviceAccountEmail":null,"vpc":null,"platform":"gcfv2","labels":{},"eventTrigger":{"eventType":"google.cloud.firestore.document.v1.created","eventFilters":{"database":"(default)","namespace":"(default)"},"eventFilterPathPatterns":{"document":"checkers/{docId}"},"retry":false},"entryPoint":"updateUserDocuments"}},"specVersion":"v1alpha1","requiredAPIs":[]}
